[Sat May  2 15:11:55 2015] [info] Listening at "http://*:3000"
[Sat May  2 15:12:04 2015] [debug] Your secret passphrase needs to be changed
[Sat May  2 15:12:04 2015] [debug] GET "/"
[Sat May  2 15:12:04 2015] [debug] Routing to controller "Notes::Controller::Example" and action "welcome"
[Sat May  2 15:12:04 2015] [debug] Rendering template "example/welcome.html.ep"
[Sat May  2 15:12:04 2015] [debug] Rendering template "layouts/default.html.ep"
[Sat May  2 15:12:04 2015] [debug] 200 OK (0.003696s, 270.563/s)
[Sat May  2 15:12:10 2015] [debug] GET "/"
[Sat May  2 15:12:10 2015] [debug] Routing to controller "Notes::Controller::Example" and action "welcome"
[Sat May  2 15:12:10 2015] [debug] Rendering cached template "example/welcome.html.ep"
[Sat May  2 15:12:10 2015] [debug] Rendering cached template "layouts/default.html.ep"
[Sat May  2 15:12:10 2015] [debug] 200 OK (0.001849s, 540.833/s)
[Sat May  2 15:28:21 2015] [debug] GET "/"
[Sat May  2 15:28:21 2015] [debug] Routing to controller "Notes::Controller::Example" and action "welcome"
[Sat May  2 15:28:21 2015] [debug] Rendering cached template "example/welcome.html.ep"
[Sat May  2 15:28:21 2015] [debug] Rendering cached template "layouts/default.html.ep"
[Sat May  2 15:28:21 2015] [debug] 200 OK (0.001245s, 803.213/s)
[Sat May  2 15:28:34 2015] [debug] GET "/index.html"
[Sat May  2 15:28:34 2015] [debug] Template "not_found.development.html.ep" not found
[Sat May  2 15:28:34 2015] [debug] Template "not_found.html.ep" not found
[Sat May  2 15:28:34 2015] [debug] Rendering inline template "fd403ab55a4c875e35b42428816134c7"
[Sat May  2 15:28:34 2015] [debug] Rendering inline template "dd85456cf9f44e1e43bebae130a7f9df"
[Sat May  2 15:28:34 2015] [debug] 404 Not Found (0.018346s, 54.508/s)
[Sat May  2 15:28:53 2015] [info] Listening at "http://*:3000"
[Sat May  2 15:28:56 2015] [debug] Your secret passphrase needs to be changed
[Sat May  2 15:28:56 2015] [debug] GET "/"
[Sat May  2 15:28:56 2015] [debug] Routing to controller "Notes::Controller::Dashboard" and action "index"
[Sat May  2 15:28:56 2015] [debug] Rendering template "dashboard/index.html.ep"
[Sat May  2 15:28:56 2015] [debug] Rendering template "layouts/default.html.ep"
[Sat May  2 15:28:56 2015] [debug] 200 OK (0.006196s, 161.394/s)
[Sat May  2 15:30:26 2015] [debug] GET "/"
[Sat May  2 15:30:26 2015] [debug] Routing to controller "Notes::Controller::Dashboard" and action "index"
[Sat May  2 15:30:26 2015] [debug] Rendering cached template "dashboard/index.html.ep"
[Sat May  2 15:30:26 2015] [debug] Rendering cached template "layouts/default.html.ep"
[Sat May  2 15:30:26 2015] [debug] 200 OK (0.001782s, 561.167/s)
[Sat May  2 15:30:32 2015] [info] Listening at "http://*:3000"
[Sat May  2 15:30:37 2015] [debug] Your secret passphrase needs to be changed
[Sat May  2 15:30:37 2015] [debug] GET "/"
[Sat May  2 15:30:37 2015] [debug] Routing to controller "Notes::Controller::Dashboard" and action "index"
[Sat May  2 15:30:37 2015] [debug] Rendering template "dashboard/index.html.ep"
[Sat May  2 15:30:37 2015] [debug] Rendering template "layouts/default.html.ep"
[Sat May  2 15:30:37 2015] [debug] 200 OK (0.005329s, 187.652/s)
[Sat May  2 17:18:06 2015] [info] Listening at "http://*:3000"
[Sat May  2 17:18:12 2015] [debug] Your secret passphrase needs to be changed
[Sat May  2 17:18:12 2015] [debug] GET "/"
[Sat May  2 17:18:12 2015] [debug] Routing to controller "Notes::Controller::Dashboard" and action "index"
[Sat May  2 17:18:12 2015] [debug] Rendering template "dashboard/index.html.ep"
[Sat May  2 17:18:12 2015] [debug] Rendering template "layouts/default.html.ep"
[Sat May  2 17:18:12 2015] [debug] 200 OK (0.005595s, 178.731/s)
[Sat May  2 17:32:32 2015] [info] Listening at "http://*:3000"
[Sat May  2 17:32:37 2015] [debug] Your secret passphrase needs to be changed
[Sat May  2 17:32:37 2015] [debug] GET "/"
[Sat May  2 17:32:37 2015] [debug] Routing to controller "Notes::Controller::Dashboard" and action "index"
[Sat May  2 17:32:37 2015] [debug] Rendering template "dashboard/index.html.ep"
[Sat May  2 17:32:37 2015] [debug] Rendering template "layouts/default.html.ep"
[Sat May  2 17:32:37 2015] [debug] 200 OK (0.007369s, 135.704/s)
[Sat May  2 17:32:37 2015] [debug] GET "/css/dashboard.css"
[Sat May  2 17:32:37 2015] [debug] Template "not_found.development.html.ep" not found
[Sat May  2 17:32:37 2015] [debug] Template "not_found.html.ep" not found
[Sat May  2 17:32:37 2015] [debug] Rendering inline template "fd403ab55a4c875e35b42428816134c7"
[Sat May  2 17:32:37 2015] [debug] Rendering inline template "dd85456cf9f44e1e43bebae130a7f9df"
[Sat May  2 17:32:37 2015] [debug] 404 Not Found (0.030680s, 32.595/s)
[Sat May  2 17:33:40 2015] [debug] GET "/"
[Sat May  2 17:33:40 2015] [debug] Routing to controller "Notes::Controller::Dashboard" and action "index"
[Sat May  2 17:33:40 2015] [debug] Rendering cached template "dashboard/index.html.ep"
[Sat May  2 17:33:40 2015] [debug] Rendering cached template "layouts/default.html.ep"
[Sat May  2 17:33:40 2015] [debug] 200 OK (0.001863s, 536.769/s)
[Sat May  2 20:13:13 2015] [info] Listening at "http://*:3000"
[Sat May  2 20:14:14 2015] [debug] Your secret passphrase needs to be changed
[Sat May  2 20:14:14 2015] [debug] GET "/"
[Sat May  2 20:14:14 2015] [debug] Routing to controller "Notes::Controller::Dashboard" and action "index"
[Sat May  2 20:14:14 2015] [debug] Rendering template "dashboard/index.html.ep"
[Sat May  2 20:14:14 2015] [debug] Rendering template "layouts/default.html.ep"
[Sat May  2 20:14:14 2015] [debug] 200 OK (0.007232s, 138.274/s)
[Sat May  2 20:15:43 2015] [info] Listening at "http://*:3000"
[Sat May  2 20:15:46 2015] [debug] Your secret passphrase needs to be changed
[Sat May  2 20:15:46 2015] [debug] GET "/"
[Sat May  2 20:15:46 2015] [error] Notes/Model/Document.pm did not return a true value at lib/Notes/Controller/Dashboard.pm line 3.
BEGIN failed--compilation aborted at lib/Notes/Controller/Dashboard.pm line 3.
Compilation failed in require at (eval 532) line 1.

[Sat May  2 20:15:46 2015] [debug] Template "exception.development.html.ep" not found
[Sat May  2 20:15:46 2015] [debug] Template "exception.html.ep" not found
[Sat May  2 20:15:46 2015] [debug] Rendering inline template "fd403ab55a4c875e35b42428816134c7"
[Sat May  2 20:15:46 2015] [debug] Rendering inline template "dd85456cf9f44e1e43bebae130a7f9df"
[Sat May  2 20:15:47 2015] [debug] 500 Internal Server Error (0.036674s, 27.267/s)
[Sat May  2 20:16:20 2015] [info] Listening at "http://*:3000"
[Sat May  2 20:16:25 2015] [debug] Your secret passphrase needs to be changed
[Sat May  2 20:16:25 2015] [debug] GET "/"
[Sat May  2 20:16:25 2015] [debug] Routing to controller "Notes::Controller::Dashboard" and action "index"
[Sat May  2 20:16:25 2015] [error] Can't locate object method "new" via package "Document" (perhaps you forgot to load "Document"?) at lib/Notes/Controller/Dashboard.pm line 9.

[Sat May  2 20:16:25 2015] [debug] Template "exception.development.html.ep" not found
[Sat May  2 20:16:25 2015] [debug] Template "exception.html.ep" not found
[Sat May  2 20:16:25 2015] [debug] Rendering inline template "fd403ab55a4c875e35b42428816134c7"
[Sat May  2 20:16:25 2015] [debug] Rendering inline template "dd85456cf9f44e1e43bebae130a7f9df"
[Sat May  2 20:16:25 2015] [debug] 500 Internal Server Error (0.023766s, 42.077/s)
[Sat May  2 20:17:49 2015] [info] Listening at "http://*:3000"
[Sat May  2 20:17:51 2015] [debug] Your secret passphrase needs to be changed
[Sat May  2 20:17:51 2015] [debug] GET "/"
[Sat May  2 20:17:51 2015] [debug] Routing to controller "Notes::Controller::Dashboard" and action "index"
[Sat May  2 20:17:51 2015] [error] Can't locate object method "new" via package "Document" (perhaps you forgot to load "Document"?) at lib/Notes/Controller/Dashboard.pm line 9.

[Sat May  2 20:17:51 2015] [debug] Template "exception.development.html.ep" not found
[Sat May  2 20:17:51 2015] [debug] Template "exception.html.ep" not found
[Sat May  2 20:17:51 2015] [debug] Rendering inline template "fd403ab55a4c875e35b42428816134c7"
[Sat May  2 20:17:51 2015] [debug] Rendering inline template "dd85456cf9f44e1e43bebae130a7f9df"
[Sat May  2 20:17:51 2015] [debug] 500 Internal Server Error (0.030334s, 32.966/s)
[Sat May  2 20:17:54 2015] [debug] GET "/"
[Sat May  2 20:17:54 2015] [debug] Routing to controller "Notes::Controller::Dashboard" and action "index"
[Sat May  2 20:17:54 2015] [error] Can't locate object method "new" via package "Document" (perhaps you forgot to load "Document"?) at lib/Notes/Controller/Dashboard.pm line 9.

[Sat May  2 20:17:54 2015] [debug] Template "exception.development.html.ep" not found
[Sat May  2 20:17:54 2015] [debug] Template "exception.html.ep" not found
[Sat May  2 20:17:54 2015] [debug] Rendering cached inline template "fd403ab55a4c875e35b42428816134c7"
[Sat May  2 20:17:54 2015] [debug] Rendering cached inline template "dd85456cf9f44e1e43bebae130a7f9df"
[Sat May  2 20:17:54 2015] [debug] 500 Internal Server Error (0.005943s, 168.265/s)
[Sat May  2 21:00:27 2015] [info] Listening at "http://*:3000"
[Sat May  2 21:00:31 2015] [debug] Your secret passphrase needs to be changed
[Sat May  2 21:00:31 2015] [debug] GET "/"
[Sat May  2 21:00:31 2015] [debug] Routing to controller "Notes::Controller::Dashboard" and action "index"
[Sat May  2 21:00:31 2015] [error] Can't locate object method "new" via package "Document" (perhaps you forgot to load "Document"?) at lib/Notes/Controller/Dashboard.pm line 9.

[Sat May  2 21:00:31 2015] [debug] Template "exception.development.html.ep" not found
[Sat May  2 21:00:31 2015] [debug] Template "exception.html.ep" not found
[Sat May  2 21:00:31 2015] [debug] Rendering inline template "fd403ab55a4c875e35b42428816134c7"
[Sat May  2 21:00:31 2015] [debug] Rendering inline template "dd85456cf9f44e1e43bebae130a7f9df"
[Sat May  2 21:00:31 2015] [debug] 500 Internal Server Error (0.019561s, 51.122/s)
[Sat May  2 21:01:24 2015] [debug] GET "/"
[Sat May  2 21:01:24 2015] [debug] Routing to controller "Notes::Controller::Dashboard" and action "index"
[Sat May  2 21:01:24 2015] [error] Can't locate object method "new" via package "Document" (perhaps you forgot to load "Document"?) at lib/Notes/Controller/Dashboard.pm line 9.

[Sat May  2 21:01:24 2015] [debug] Template "exception.development.html.ep" not found
[Sat May  2 21:01:24 2015] [debug] Template "exception.html.ep" not found
[Sat May  2 21:01:24 2015] [debug] Rendering cached inline template "fd403ab55a4c875e35b42428816134c7"
[Sat May  2 21:01:24 2015] [debug] Rendering cached inline template "dd85456cf9f44e1e43bebae130a7f9df"
[Sat May  2 21:01:24 2015] [debug] 500 Internal Server Error (0.008441s, 118.469/s)
[Sat May  2 21:01:28 2015] [info] Listening at "http://*:3000"
[Sat May  2 21:01:31 2015] [debug] Your secret passphrase needs to be changed
[Sat May  2 21:01:31 2015] [debug] GET "/"
[Sat May  2 21:01:31 2015] [error] Can't locate Notes/Model.pm in @INC (you may need to install the Notes::Model module) (@INC contains: lib /etc/perl /usr/local/lib/x86_64-linux-gnu/perl/5.20.1 /usr/local/share/perl/5.20.1 /usr/lib/x86_64-linux-gnu/perl5/5.20 /usr/share/perl5 /usr/lib/x86_64-linux-gnu/perl/5.20 /usr/share/perl/5.20 /usr/local/lib/site_perl .) at lib/Notes/Controller/Dashboard.pm line 3.
BEGIN failed--compilation aborted at lib/Notes/Controller/Dashboard.pm line 3.
Compilation failed in require at (eval 532) line 1.

[Sat May  2 21:01:31 2015] [debug] Template "exception.development.html.ep" not found
[Sat May  2 21:01:31 2015] [debug] Template "exception.html.ep" not found
[Sat May  2 21:01:31 2015] [debug] Rendering inline template "fd403ab55a4c875e35b42428816134c7"
[Sat May  2 21:01:31 2015] [debug] Rendering inline template "dd85456cf9f44e1e43bebae130a7f9df"
[Sat May  2 21:01:31 2015] [debug] 500 Internal Server Error (0.023012s, 43.456/s)
[Sat May  2 21:03:32 2015] [info] Listening at "http://*:3000"
[Sat May  2 21:03:37 2015] [debug] Your secret passphrase needs to be changed
[Sat May  2 21:03:37 2015] [debug] GET "/"
[Sat May  2 21:03:37 2015] [debug] Routing to controller "Notes::Controller::Dashboard" and action "index"
[Sat May  2 21:03:37 2015] [error] Can't locate object method "new" via package "Document" (perhaps you forgot to load "Document"?) at lib/Notes/Controller/Dashboard.pm line 9.

[Sat May  2 21:03:37 2015] [debug] Template "exception.development.html.ep" not found
[Sat May  2 21:03:37 2015] [debug] Template "exception.html.ep" not found
[Sat May  2 21:03:37 2015] [debug] Rendering inline template "fd403ab55a4c875e35b42428816134c7"
[Sat May  2 21:03:37 2015] [debug] Rendering inline template "dd85456cf9f44e1e43bebae130a7f9df"
[Sat May  2 21:03:37 2015] [debug] 500 Internal Server Error (0.037251s, 26.845/s)
[Sat May  2 21:04:19 2015] [info] Listening at "http://*:3000"
[Sat May  2 21:04:21 2015] [debug] Your secret passphrase needs to be changed
[Sat May  2 21:04:21 2015] [debug] GET "/"
[Sat May  2 21:04:21 2015] [debug] Routing to controller "Notes::Controller::Dashboard" and action "index"
[Sat May  2 21:04:21 2015] [debug] Rendering template "dashboard/index.html.ep"
[Sat May  2 21:04:21 2015] [debug] Rendering template "layouts/default.html.ep"
[Sat May  2 21:04:21 2015] [debug] 200 OK (0.006944s, 144.009/s)
[Sat May  2 21:06:17 2015] [debug] GET "/"
[Sat May  2 21:06:17 2015] [debug] Routing to controller "Notes::Controller::Dashboard" and action "index"
[Sat May  2 21:06:17 2015] [debug] Rendering cached template "dashboard/index.html.ep"
[Sat May  2 21:06:17 2015] [debug] Rendering cached template "layouts/default.html.ep"
[Sat May  2 21:06:17 2015] [debug] 200 OK (0.001884s, 530.786/s)
[Sat May  2 21:06:21 2015] [info] Listening at "http://*:3000"
[Sat May  2 21:06:22 2015] [debug] Your secret passphrase needs to be changed
[Sat May  2 21:06:22 2015] [debug] GET "/"
[Sat May  2 21:06:22 2015] [debug] Routing to controller "Notes::Controller::Dashboard" and action "index"
[Sat May  2 21:06:22 2015] [error] Can't call method "db" on an undefined value at lib/Notes/Model/Document.pm line 24.

[Sat May  2 21:06:22 2015] [debug] Template "exception.development.html.ep" not found
[Sat May  2 21:06:22 2015] [debug] Template "exception.html.ep" not found
[Sat May  2 21:06:22 2015] [debug] Rendering inline template "fd403ab55a4c875e35b42428816134c7"
[Sat May  2 21:06:22 2015] [debug] Rendering inline template "dd85456cf9f44e1e43bebae130a7f9df"
[Sat May  2 21:06:22 2015] [debug] 500 Internal Server Error (0.034438s, 29.038/s)
[Sat May  2 21:06:59 2015] [info] Listening at "http://*:3000"
[Sat May  2 21:07:09 2015] [debug] Your secret passphrase needs to be changed
[Sat May  2 21:07:09 2015] [debug] GET "/"
[Sat May  2 21:07:09 2015] [debug] Routing to controller "Notes::Controller::Dashboard" and action "index"
[Sat May  2 21:07:09 2015] [error] Can't call method "model" on an undefined value at lib/Notes/Model/Document.pm line 24.

[Sat May  2 21:07:09 2015] [debug] Template "exception.development.html.ep" not found
[Sat May  2 21:07:09 2015] [debug] Template "exception.html.ep" not found
[Sat May  2 21:07:09 2015] [debug] Rendering inline template "fd403ab55a4c875e35b42428816134c7"
[Sat May  2 21:07:09 2015] [debug] Rendering inline template "dd85456cf9f44e1e43bebae130a7f9df"
[Sat May  2 21:07:09 2015] [debug] 500 Internal Server Error (0.029483s, 33.918/s)
[Sat May  2 21:12:12 2015] [debug] GET "/"
[Sat May  2 21:12:12 2015] [debug] Routing to controller "Notes::Controller::Dashboard" and action "index"
[Sat May  2 21:12:12 2015] [error] Can't call method "model" on an undefined value at lib/Notes/Model/Document.pm line 24.

[Sat May  2 21:12:12 2015] [debug] Template "exception.development.html.ep" not found
[Sat May  2 21:12:12 2015] [debug] Template "exception.html.ep" not found
[Sat May  2 21:12:12 2015] [debug] Rendering cached inline template "fd403ab55a4c875e35b42428816134c7"
[Sat May  2 21:12:12 2015] [debug] Rendering cached inline template "dd85456cf9f44e1e43bebae130a7f9df"
[Sat May  2 21:12:12 2015] [debug] 500 Internal Server Error (0.005823s, 171.733/s)
[Sat May  2 21:12:28 2015] [info] Listening at "http://*:3000"
[Sat May  2 21:12:32 2015] [debug] Your secret passphrase needs to be changed
[Sat May  2 21:12:32 2015] [debug] GET "/"
[Sat May  2 21:12:32 2015] [debug] Routing to controller "Notes::Controller::Dashboard" and action "index"
[Sat May  2 21:12:32 2015] [debug] Rendering template "dashboard/index.html.ep"
[Sat May  2 21:12:32 2015] [debug] Rendering template "layouts/default.html.ep"
[Sat May  2 21:12:32 2015] [debug] 200 OK (0.009943s, 100.573/s)
[Sat May  2 21:13:59 2015] [info] Listening at "http://*:3000"
[Sat May  2 21:14:00 2015] [debug] Your secret passphrase needs to be changed
[Sat May  2 21:14:00 2015] [debug] GET "/"
[Sat May  2 21:14:00 2015] [debug] Routing to controller "Notes::Controller::Dashboard" and action "index"
[Sat May  2 21:14:00 2015] [error] Can't locate object method "model" via package "Notes::Model::Document" at lib/Notes/Model/Document.pm line 49.

[Sat May  2 21:14:00 2015] [debug] Template "exception.development.html.ep" not found
[Sat May  2 21:14:00 2015] [debug] Template "exception.html.ep" not found
[Sat May  2 21:14:00 2015] [debug] Rendering inline template "fd403ab55a4c875e35b42428816134c7"
[Sat May  2 21:14:00 2015] [debug] Rendering inline template "dd85456cf9f44e1e43bebae130a7f9df"
[Sat May  2 21:14:00 2015] [debug] 500 Internal Server Error (0.025875s, 38.647/s)
[Sat May  2 21:16:01 2015] [info] Listening at "http://*:3000"
[Sat May  2 21:16:03 2015] [debug] Your secret passphrase needs to be changed
[Sat May  2 21:16:03 2015] [debug] GET "/"
[Sat May  2 21:16:03 2015] [debug] Routing to controller "Notes::Controller::Dashboard" and action "index"
[Sat May  2 21:16:03 2015] [debug] Rendering template "dashboard/index.html.ep"
[Sat May  2 21:16:03 2015] [debug] Rendering template "layouts/default.html.ep"
[Sat May  2 21:16:03 2015] [debug] 200 OK (0.085606s, 11.681/s)
[Sat May  2 21:22:05 2015] [info] Listening at "http://*:3000"
[Sat May  2 21:22:18 2015] [debug] Your secret passphrase needs to be changed
[Sat May  2 21:22:18 2015] [debug] GET "/"
[Sat May  2 21:22:18 2015] [debug] Routing to controller "Notes::Controller::Dashboard" and action "index"
[Sat May  2 21:22:18 2015] [debug] Rendering template "dashboard/index.html.ep"
[Sat May  2 21:22:18 2015] [debug] Rendering template "layouts/default.html.ep"
[Sat May  2 21:22:18 2015] [debug] 200 OK (0.010925s, 91.533/s)
[Sat May  2 21:22:55 2015] [info] Listening at "http://*:3000"
[Sat May  2 21:22:59 2015] [debug] Your secret passphrase needs to be changed
[Sat May  2 21:22:59 2015] [debug] GET "/"
[Sat May  2 21:22:59 2015] [debug] Routing to controller "Notes::Controller::Dashboard" and action "index"
[Sat May  2 21:22:59 2015] [debug] Rendering template "dashboard/index.html.ep"
[Sat May  2 21:22:59 2015] [debug] Rendering template "layouts/default.html.ep"
[Sat May  2 21:22:59 2015] [debug] 200 OK (0.011266s, 88.763/s)
[Sat May  2 21:23:01 2015] [debug] GET "/"
[Sat May  2 21:23:01 2015] [debug] Routing to controller "Notes::Controller::Dashboard" and action "index"
[Sat May  2 21:23:01 2015] [debug] Rendering cached template "dashboard/index.html.ep"
[Sat May  2 21:23:01 2015] [debug] Rendering cached template "layouts/default.html.ep"
[Sat May  2 21:23:01 2015] [debug] 200 OK (0.002234s, 447.628/s)
[Sat May  2 21:23:02 2015] [debug] GET "/"
[Sat May  2 21:23:02 2015] [debug] Routing to controller "Notes::Controller::Dashboard" and action "index"
[Sat May  2 21:23:02 2015] [debug] Rendering cached template "dashboard/index.html.ep"
[Sat May  2 21:23:02 2015] [debug] Rendering cached template "layouts/default.html.ep"
[Sat May  2 21:23:02 2015] [debug] 200 OK (0.002543s, 393.236/s)
[Sat May  2 21:23:02 2015] [debug] GET "/"
[Sat May  2 21:23:02 2015] [debug] Routing to controller "Notes::Controller::Dashboard" and action "index"
[Sat May  2 21:23:02 2015] [debug] Rendering cached template "dashboard/index.html.ep"
[Sat May  2 21:23:02 2015] [debug] Rendering cached template "layouts/default.html.ep"
[Sat May  2 21:23:02 2015] [debug] 200 OK (0.002671s, 374.392/s)
[Sat May  2 21:23:03 2015] [debug] GET "/"
[Sat May  2 21:23:03 2015] [debug] Routing to controller "Notes::Controller::Dashboard" and action "index"
[Sat May  2 21:23:03 2015] [debug] Rendering cached template "dashboard/index.html.ep"
[Sat May  2 21:23:03 2015] [debug] Rendering cached template "layouts/default.html.ep"
[Sat May  2 21:23:03 2015] [debug] 200 OK (0.002504s, 399.361/s)
[Sat May  2 21:23:03 2015] [debug] GET "/"
[Sat May  2 21:23:03 2015] [debug] Routing to controller "Notes::Controller::Dashboard" and action "index"
[Sat May  2 21:23:03 2015] [debug] Rendering cached template "dashboard/index.html.ep"
[Sat May  2 21:23:03 2015] [debug] Rendering cached template "layouts/default.html.ep"
[Sat May  2 21:23:03 2015] [debug] 200 OK (0.003120s, 320.513/s)
[Sat May  2 21:27:36 2015] [info] Listening at "http://*:3000"
[Sat May  2 21:27:41 2015] [debug] Your secret passphrase needs to be changed
[Sat May  2 21:27:41 2015] [debug] GET "/"
[Sat May  2 21:27:41 2015] [debug] Routing to controller "Notes::Controller::Dashboard" and action "index"
[Sat May  2 21:27:41 2015] [debug] Rendering template "dashboard/index.html.ep"
[Sat May  2 21:27:41 2015] [debug] Rendering template "layouts/default.html.ep"
[Sat May  2 21:27:41 2015] [debug] 200 OK (0.009790s, 102.145/s)
[Sat May  2 21:28:58 2015] [info] Listening at "http://*:3000"
[Sat May  2 21:29:01 2015] [debug] Your secret passphrase needs to be changed
[Sat May  2 21:29:01 2015] [debug] GET "/"
[Sat May  2 21:29:01 2015] [debug] Routing to controller "Notes::Controller::Dashboard" and action "index"
[Sat May  2 21:29:01 2015] [debug] Rendering template "dashboard/index.html.ep"
[Sat May  2 21:29:01 2015] [debug] Rendering template "layouts/default.html.ep"
[Sat May  2 21:29:01 2015] [debug] 200 OK (0.011222s, 89.111/s)
[Sat May  2 21:29:03 2015] [debug] GET "/"
[Sat May  2 21:29:03 2015] [debug] Routing to controller "Notes::Controller::Dashboard" and action "index"
[Sat May  2 21:29:03 2015] [debug] Rendering cached template "dashboard/index.html.ep"
[Sat May  2 21:29:03 2015] [debug] Rendering cached template "layouts/default.html.ep"
[Sat May  2 21:29:03 2015] [debug] 200 OK (0.003841s, 260.349/s)
[Sat May  2 21:29:04 2015] [debug] GET "/"
[Sat May  2 21:29:04 2015] [debug] Routing to controller "Notes::Controller::Dashboard" and action "index"
[Sat May  2 21:29:04 2015] [debug] Rendering cached template "dashboard/index.html.ep"
[Sat May  2 21:29:04 2015] [debug] Rendering cached template "layouts/default.html.ep"
[Sat May  2 21:29:04 2015] [debug] 200 OK (0.004416s, 226.449/s)
[Sat May  2 21:29:05 2015] [debug] GET "/"
[Sat May  2 21:29:05 2015] [debug] Routing to controller "Notes::Controller::Dashboard" and action "index"
[Sat May  2 21:29:05 2015] [debug] Rendering cached template "dashboard/index.html.ep"
[Sat May  2 21:29:05 2015] [debug] Rendering cached template "layouts/default.html.ep"
[Sat May  2 21:29:05 2015] [debug] 200 OK (0.002890s, 346.021/s)
[Sat May  2 21:29:19 2015] [info] Listening at "http://*:3000"
[Sun May  3 09:22:29 2015] [info] Listening at "http://*:3000"
[Sun May  3 09:22:40 2015] [debug] Your secret passphrase needs to be changed
[Sun May  3 09:22:40 2015] [debug] GET "/"
[Sun May  3 09:22:40 2015] [debug] Routing to controller "Notes::Controller::Dashboard" and action "index"
[Sun May  3 09:22:40 2015] [debug] Rendering template "dashboard/index.html.ep"
[Sun May  3 09:22:40 2015] [debug] Rendering template "layouts/default.html.ep"
[Sun May  3 09:22:40 2015] [debug] 200 OK (0.004536s, 220.459/s)
[Sun May  3 09:23:36 2015] [debug] GET "/"
[Sun May  3 09:23:36 2015] [debug] Routing to controller "Notes::Controller::Dashboard" and action "index"
[Sun May  3 09:23:36 2015] [debug] Rendering cached template "dashboard/index.html.ep"
[Sun May  3 09:23:36 2015] [debug] Rendering cached template "layouts/default.html.ep"
[Sun May  3 09:23:36 2015] [debug] 200 OK (0.000891s, 1122.334/s)
[Sun May  3 09:23:38 2015] [debug] GET "/"
[Sun May  3 09:23:38 2015] [debug] Routing to controller "Notes::Controller::Dashboard" and action "index"
[Sun May  3 09:23:38 2015] [debug] Rendering cached template "dashboard/index.html.ep"
[Sun May  3 09:23:38 2015] [debug] Rendering cached template "layouts/default.html.ep"
[Sun May  3 09:23:38 2015] [debug] 200 OK (0.001044s, 957.854/s)
[Sun May  3 09:23:44 2015] [info] Listening at "http://*:3000"
[Sun May  3 09:23:46 2015] [debug] Your secret passphrase needs to be changed
[Sun May  3 09:23:46 2015] [debug] GET "/"
[Sun May  3 09:23:46 2015] [debug] Routing to controller "Notes::Controller::Dashboard" and action "index"
[Sun May  3 09:23:46 2015] [debug] Rendering template "dashboard/index.html.ep"
[Sun May  3 09:23:46 2015] [debug] Rendering template "layouts/default.html.ep"
[Sun May  3 09:23:46 2015] [debug] 200 OK (0.005956s, 167.898/s)
[Sun May  3 09:25:28 2015] [info] Listening at "http://*:3000"
[Sun May  3 09:25:33 2015] [debug] Your secret passphrase needs to be changed
[Sun May  3 09:25:33 2015] [debug] GET "/"
[Sun May  3 09:25:33 2015] [debug] Routing to controller "Notes::Controller::Dashboard" and action "index"
[Sun May  3 09:25:33 2015] [debug] Rendering template "dashboard/index.html.ep"
[Sun May  3 09:25:33 2015] [error] Global symbol "$path" requires explicit package name at template dashboard/index.html.ep line 3.
1: % layout 'default';
2: % title 'Notes';
3: <h1 class="page-header">Diretório Atual: <%= $path %></h1>

[Sun May  3 09:25:33 2015] [debug] Template "exception.development.html.ep" not found
[Sun May  3 09:25:33 2015] [debug] Template "exception.html.ep" not found
[Sun May  3 09:25:33 2015] [debug] Rendering inline template "fd403ab55a4c875e35b42428816134c7"
[Sun May  3 09:25:33 2015] [debug] Rendering inline template "dd85456cf9f44e1e43bebae130a7f9df"
[Sun May  3 09:25:33 2015] [debug] 500 Internal Server Error (0.029791s, 33.567/s)
[Sun May  3 09:26:17 2015] [debug] GET "/"
[Sun May  3 09:26:17 2015] [debug] Routing to controller "Notes::Controller::Dashboard" and action "index"
[Sun May  3 09:26:17 2015] [debug] Rendering template "dashboard/index.html.ep"
[Sun May  3 09:26:17 2015] [error] Global symbol "$path" requires explicit package name at template dashboard/index.html.ep line 3.
1: % layout 'default';
2: % title 'Notes';
3: <h1 class="page-header">Diretório Atual: <%= $path %></h1>

[Sun May  3 09:26:17 2015] [debug] Template "exception.development.html.ep" not found
[Sun May  3 09:26:17 2015] [debug] Template "exception.html.ep" not found
[Sun May  3 09:26:17 2015] [debug] Rendering cached inline template "fd403ab55a4c875e35b42428816134c7"
[Sun May  3 09:26:17 2015] [debug] Rendering cached inline template "dd85456cf9f44e1e43bebae130a7f9df"
[Sun May  3 09:26:17 2015] [debug] 500 Internal Server Error (0.009757s, 102.491/s)
[Sun May  3 09:26:22 2015] [info] Listening at "http://*:3000"
[Sun May  3 09:26:23 2015] [debug] Your secret passphrase needs to be changed
[Sun May  3 09:26:23 2015] [debug] GET "/"
[Sun May  3 09:26:23 2015] [debug] Routing to controller "Notes::Controller::Dashboard" and action "index"
[Sun May  3 09:26:23 2015] [debug] Rendering template "dashboard/index.html.ep"
[Sun May  3 09:26:23 2015] [debug] Rendering template "layouts/default.html.ep"
[Sun May  3 09:26:23 2015] [debug] 200 OK (0.006130s, 163.132/s)
[Sun May  3 09:49:45 2015] [info] Listening at "http://*:3000"
[Sun May  3 09:50:02 2015] [debug] Your secret passphrase needs to be changed
[Sun May  3 09:50:02 2015] [debug] GET "/test"
[Sun May  3 09:50:02 2015] [debug] Routing to controller "Notes::Controller::Dashboard" and action "directories"
[Sun May  3 09:50:02 2015] [debug] 200 OK (0.001421s, 703.730/s)
[Sun May  3 09:50:22 2015] [debug] GET "/test"
[Sun May  3 09:50:22 2015] [debug] Routing to controller "Notes::Controller::Dashboard" and action "directories"
[Sun May  3 09:50:22 2015] [debug] 200 OK (0.000727s, 1375.516/s)
[Sun May  3 09:50:49 2015] [debug] GET "/test"
[Sun May  3 09:50:49 2015] [debug] Routing to controller "Notes::Controller::Dashboard" and action "directories"
[Sun May  3 09:50:49 2015] [debug] 200 OK (0.000705s, 1418.440/s)
[Sun May  3 10:10:54 2015] [info] Listening at "http://*:3000"
[Sun May  3 10:11:00 2015] [debug] Your secret passphrase needs to be changed
[Sun May  3 10:11:00 2015] [debug] GET "/"
[Sun May  3 10:11:00 2015] [debug] Routing to controller "Notes::Controller::Dashboard" and action "index"
[Sun May  3 10:11:00 2015] [debug] Rendering template "dashboard/index.html.ep"
[Sun May  3 10:11:00 2015] [debug] Rendering template "layouts/default.html.ep"
[Sun May  3 10:11:00 2015] [debug] 200 OK (0.005909s, 169.233/s)
[Sun May 10 17:47:22 2015] [info] Listening at "http://*:3000"
[Sun May 10 17:47:53 2015] [debug] Your secret passphrase needs to be changed
[Sun May 10 17:47:53 2015] [debug] GET "/"
[Sun May 10 17:47:53 2015] [debug] Routing to controller "Notes::Controller::Dashboard" and action "index"
[Sun May 10 17:47:53 2015] [debug] Rendering template "dashboard/index.html.ep"
[Sun May 10 17:47:53 2015] [debug] Rendering template "layouts/default.html.ep"
[Sun May 10 17:47:53 2015] [debug] 200 OK (0.005968s, 167.560/s)
[Sun May 10 17:49:03 2015] [debug] GET "/"
[Sun May 10 17:49:03 2015] [debug] Routing to controller "Notes::Controller::Dashboard" and action "index"
[Sun May 10 17:49:03 2015] [debug] Rendering cached template "dashboard/index.html.ep"
[Sun May 10 17:49:03 2015] [debug] Rendering cached template "layouts/default.html.ep"
[Sun May 10 17:49:03 2015] [debug] 200 OK (0.002161s, 462.749/s)
[Sun May 10 17:49:04 2015] [debug] GET "/"
[Sun May 10 17:49:04 2015] [debug] Routing to controller "Notes::Controller::Dashboard" and action "index"
[Sun May 10 17:49:04 2015] [debug] Rendering cached template "dashboard/index.html.ep"
[Sun May 10 17:49:04 2015] [debug] Rendering cached template "layouts/default.html.ep"
[Sun May 10 17:49:04 2015] [debug] 200 OK (0.001460s, 684.932/s)
[Sun May 10 17:49:04 2015] [debug] GET "/"
[Sun May 10 17:49:04 2015] [debug] Routing to controller "Notes::Controller::Dashboard" and action "index"
[Sun May 10 17:49:04 2015] [debug] Rendering cached template "dashboard/index.html.ep"
[Sun May 10 17:49:04 2015] [debug] Rendering cached template "layouts/default.html.ep"
[Sun May 10 17:49:04 2015] [debug] 200 OK (0.000631s, 1584.786/s)
[Sun May 10 17:49:04 2015] [debug] GET "/"
[Sun May 10 17:49:04 2015] [debug] Routing to controller "Notes::Controller::Dashboard" and action "index"
[Sun May 10 17:49:04 2015] [debug] Rendering cached template "dashboard/index.html.ep"
[Sun May 10 17:49:04 2015] [debug] Rendering cached template "layouts/default.html.ep"
[Sun May 10 17:49:04 2015] [debug] 200 OK (0.000670s, 1492.537/s)
[Sun May 10 17:54:04 2015] [info] Listening at "http://*:3000"
[Sun May 10 17:54:08 2015] [debug] Your secret passphrase needs to be changed
[Sun May 10 17:54:08 2015] [debug] GET "/"
[Sun May 10 17:54:08 2015] [debug] Routing to controller "Notes::Controller::Dashboard" and action "index"
[Sun May 10 17:54:08 2015] [debug] Rendering template "dashboard/index.html.ep"
[Sun May 10 17:54:08 2015] [debug] Rendering template "layouts/default.html.ep"
[Sun May 10 17:54:08 2015] [debug] 200 OK (0.011019s, 90.752/s)
[Sun May 10 17:55:00 2015] [info] Listening at "http://*:3000"
[Sun May 10 17:55:01 2015] [debug] Your secret passphrase needs to be changed
[Sun May 10 17:55:01 2015] [debug] GET "/"
[Sun May 10 17:55:01 2015] [debug] Routing to controller "Notes::Controller::Dashboard" and action "index"
[Sun May 10 17:55:01 2015] [debug] Rendering template "dashboard/index.html.ep"
[Sun May 10 17:55:01 2015] [debug] Rendering template "layouts/default.html.ep"
[Sun May 10 17:55:01 2015] [debug] 200 OK (0.009723s, 102.849/s)
[Sun May 10 17:55:02 2015] [debug] GET "/"
[Sun May 10 17:55:02 2015] [debug] Routing to controller "Notes::Controller::Dashboard" and action "index"
[Sun May 10 17:55:02 2015] [debug] Rendering cached template "dashboard/index.html.ep"
[Sun May 10 17:55:02 2015] [debug] Rendering cached template "layouts/default.html.ep"
[Sun May 10 17:55:02 2015] [debug] 200 OK (0.000640s, 1562.500/s)
[Sun May 10 17:57:59 2015] [info] Listening at "http://*:3000"
[Sun May 10 17:58:04 2015] [debug] Your secret passphrase needs to be changed
[Sun May 10 17:58:04 2015] [debug] GET "/"
[Sun May 10 17:58:04 2015] [debug] Routing to controller "Notes::Controller::Dashboard" and action "index"
[Sun May 10 17:58:04 2015] [debug] Rendering template "dashboard/index.html.ep"
[Sun May 10 17:58:04 2015] [debug] Rendering template "layouts/default.html.ep"
[Sun May 10 17:58:04 2015] [debug] 200 OK (0.004000s, 250.000/s)
[Sun May 10 17:58:04 2015] [debug] GET "/api/documents"
[Sun May 10 17:58:04 2015] [debug] Template "not_found.development.html.ep" not found
[Sun May 10 17:58:04 2015] [debug] Template "not_found.html.ep" not found
[Sun May 10 17:58:04 2015] [debug] Rendering inline template "fd403ab55a4c875e35b42428816134c7"
[Sun May 10 17:58:04 2015] [debug] Rendering inline template "dd85456cf9f44e1e43bebae130a7f9df"
[Sun May 10 17:58:04 2015] [debug] 404 Not Found (0.017027s, 58.730/s)
[Sun May 10 18:00:18 2015] [info] Listening at "http://*:3000"
[Sun May 10 18:00:22 2015] [debug] Your secret passphrase needs to be changed
[Sun May 10 18:00:22 2015] [debug] GET "/"
[Sun May 10 18:00:22 2015] [debug] Routing to controller "Notes::Controller::Dashboard" and action "index"
[Sun May 10 18:00:22 2015] [debug] Rendering template "dashboard/index.html.ep"
[Sun May 10 18:00:22 2015] [debug] Rendering template "layouts/default.html.ep"
[Sun May 10 18:00:22 2015] [debug] 200 OK (0.005917s, 169.005/s)
[Sun May 10 18:00:22 2015] [debug] GET "/api/documents"
[Sun May 10 18:00:22 2015] [debug] Template "not_found.development.html.ep" not found
[Sun May 10 18:00:22 2015] [debug] Template "not_found.html.ep" not found
[Sun May 10 18:00:22 2015] [debug] Rendering inline template "fd403ab55a4c875e35b42428816134c7"
[Sun May 10 18:00:22 2015] [debug] Rendering inline template "dd85456cf9f44e1e43bebae130a7f9df"
[Sun May 10 18:00:22 2015] [debug] 404 Not Found (0.016679s, 59.956/s)
[Sun May 10 18:00:40 2015] [info] Listening at "http://*:3000"
[Sun May 10 18:00:52 2015] [debug] Your secret passphrase needs to be changed
[Sun May 10 18:00:52 2015] [debug] GET "/"
[Sun May 10 18:00:52 2015] [debug] Routing to controller "Notes::Controller::Dashboard" and action "index"
[Sun May 10 18:00:52 2015] [debug] Rendering template "dashboard/index.html.ep"
[Sun May 10 18:00:52 2015] [debug] Rendering template "layouts/default.html.ep"
[Sun May 10 18:00:52 2015] [debug] 200 OK (0.006811s, 146.821/s)
[Sun May 10 18:00:52 2015] [debug] GET "/api/documents"
[Sun May 10 18:00:52 2015] [debug] Controller "Notes::Documents" does not exist
[Sun May 10 18:00:52 2015] [debug] Template "documents/index.html.ep" not found
[Sun May 10 18:00:52 2015] [debug] Template "not_found.development.html.ep" not found
[Sun May 10 18:00:52 2015] [debug] Template "not_found.html.ep" not found
[Sun May 10 18:00:52 2015] [debug] Rendering inline template "fd403ab55a4c875e35b42428816134c7"
[Sun May 10 18:00:52 2015] [debug] Rendering inline template "dd85456cf9f44e1e43bebae130a7f9df"
[Sun May 10 18:00:52 2015] [debug] 404 Not Found (0.027012s, 37.021/s)
[Sun May 10 18:01:00 2015] [debug] GET "/api/documents"
[Sun May 10 18:01:00 2015] [debug] Controller "Notes::Documents" does not exist
[Sun May 10 18:01:00 2015] [debug] Template "documents/index.html.ep" not found
[Sun May 10 18:01:00 2015] [debug] Template "not_found.development.html.ep" not found
[Sun May 10 18:01:00 2015] [debug] Template "not_found.html.ep" not found
[Sun May 10 18:01:00 2015] [debug] Rendering cached inline template "fd403ab55a4c875e35b42428816134c7"
[Sun May 10 18:01:00 2015] [debug] Rendering cached inline template "dd85456cf9f44e1e43bebae130a7f9df"
[Sun May 10 18:01:00 2015] [debug] 404 Not Found (0.008475s, 117.994/s)
[Sun May 10 18:01:32 2015] [debug] GET "/api/directories"
[Sun May 10 18:01:32 2015] [debug] Controller "Notes::Directories" does not exist
[Sun May 10 18:01:32 2015] [debug] Template "directories/index.html.ep" not found
[Sun May 10 18:01:32 2015] [debug] Template "not_found.development.html.ep" not found
[Sun May 10 18:01:32 2015] [debug] Template "not_found.html.ep" not found
[Sun May 10 18:01:32 2015] [debug] Rendering cached inline template "fd403ab55a4c875e35b42428816134c7"
[Sun May 10 18:01:32 2015] [debug] Rendering cached inline template "dd85456cf9f44e1e43bebae130a7f9df"
[Sun May 10 18:01:32 2015] [debug] 404 Not Found (0.009023s, 110.828/s)
[Sun May 10 18:04:21 2015] [info] Listening at "http://*:3000"
[Sun May 10 18:04:31 2015] [debug] Your secret passphrase needs to be changed
[Sun May 10 18:04:31 2015] [debug] GET "/api/directories"
[Sun May 10 18:04:31 2015] [debug] Routing to controller "Notes::Controller::Directory" and action "index"
[Sun May 10 18:04:31 2015] [debug] 200 OK (0.001064s, 939.850/s)
[Sun May 10 18:04:42 2015] [debug] GET "/"
[Sun May 10 18:04:42 2015] [debug] Routing to controller "Notes::Controller::Dashboard" and action "index"
[Sun May 10 18:04:42 2015] [debug] Rendering template "dashboard/index.html.ep"
[Sun May 10 18:04:42 2015] [debug] Rendering template "layouts/default.html.ep"
[Sun May 10 18:04:42 2015] [debug] 200 OK (0.005406s, 184.980/s)
[Sun May 10 18:04:43 2015] [debug] GET "/api/documents"
[Sun May 10 18:04:43 2015] [error] Global symbol "$self" requires explicit package name at lib/Notes/Controller/Document.pm line 6.
syntax error at lib/Notes/Controller/Document.pm line 14, near "if $document"
syntax error at lib/Notes/Controller/Document.pm line 16, near "} else"
Global symbol "$self" requires explicit package name at lib/Notes/Controller/Document.pm line 17.
Compilation failed in require at (eval 536) line 1.

[Sun May 10 18:04:43 2015] [debug] Template "exception.development.html.ep" not found
[Sun May 10 18:04:43 2015] [debug] Template "exception.html.ep" not found
[Sun May 10 18:04:43 2015] [debug] Rendering inline template "fd403ab55a4c875e35b42428816134c7"
[Sun May 10 18:04:43 2015] [debug] Rendering inline template "dd85456cf9f44e1e43bebae130a7f9df"
[Sun May 10 18:04:43 2015] [debug] 500 Internal Server Error (0.017532s, 57.039/s)
[Sun May 10 18:05:00 2015] [debug] GET "/api/documents"
[Sun May 10 18:05:00 2015] [debug] Routing to controller "Notes::Controller::Document" and action "index"
[Sun May 10 18:05:00 2015] [debug] Action not found in controller
[Sun May 10 18:05:00 2015] [debug] Template "document/index.html.ep" not found
[Sun May 10 18:05:00 2015] [debug] Template "not_found.development.html.ep" not found
[Sun May 10 18:05:00 2015] [debug] Template "not_found.html.ep" not found
[Sun May 10 18:05:00 2015] [debug] Rendering cached inline template "fd403ab55a4c875e35b42428816134c7"
[Sun May 10 18:05:00 2015] [debug] Rendering cached inline template "dd85456cf9f44e1e43bebae130a7f9df"
[Sun May 10 18:05:00 2015] [debug] 404 Not Found (0.005008s, 199.681/s)
[Sun May 10 18:05:39 2015] [info] Listening at "http://*:3000"
[Sun May 10 18:06:03 2015] [debug] Your secret passphrase needs to be changed
[Sun May 10 18:06:03 2015] [debug] GET "/api/documents"
[Sun May 10 18:06:03 2015] [error] Global symbol "$self" requires explicit package name at lib/Notes/Controller/Document.pm line 6.
syntax error at lib/Notes/Controller/Document.pm line 14, near "if $document"
syntax error at lib/Notes/Controller/Document.pm line 16, near "} else"
Global symbol "$self" requires explicit package name at lib/Notes/Controller/Document.pm line 17.
Compilation failed in require at (eval 532) line 1.

[Sun May 10 18:06:03 2015] [debug] Template "exception.development.html.ep" not found
[Sun May 10 18:06:03 2015] [debug] Template "exception.html.ep" not found
[Sun May 10 18:06:03 2015] [debug] Rendering inline template "fd403ab55a4c875e35b42428816134c7"
[Sun May 10 18:06:03 2015] [debug] Rendering inline template "dd85456cf9f44e1e43bebae130a7f9df"
[Sun May 10 18:06:03 2015] [debug] 500 Internal Server Error (0.021379s, 46.775/s)
[Sun May 10 18:06:33 2015] [debug] GET "/api/documents"
[Sun May 10 18:06:33 2015] [debug] Routing to controller "Notes::Controller::Document" and action "index"
[Sun May 10 18:06:33 2015] [debug] Action not found in controller
[Sun May 10 18:06:33 2015] [debug] Template "document/index.html.ep" not found
[Sun May 10 18:06:33 2015] [debug] Template "not_found.development.html.ep" not found
[Sun May 10 18:06:33 2015] [debug] Template "not_found.html.ep" not found
[Sun May 10 18:06:33 2015] [debug] Rendering cached inline template "fd403ab55a4c875e35b42428816134c7"
[Sun May 10 18:06:33 2015] [debug] Rendering cached inline template "dd85456cf9f44e1e43bebae130a7f9df"
[Sun May 10 18:06:33 2015] [debug] 404 Not Found (0.004666s, 214.316/s)
[Sun May 10 18:06:34 2015] [debug] GET "/api/documents"
[Sun May 10 18:06:34 2015] [debug] Routing to controller "Notes::Controller::Document" and action "index"
[Sun May 10 18:06:34 2015] [debug] Action not found in controller
[Sun May 10 18:06:34 2015] [debug] Template "document/index.html.ep" not found
[Sun May 10 18:06:34 2015] [debug] Template "not_found.development.html.ep" not found
[Sun May 10 18:06:34 2015] [debug] Template "not_found.html.ep" not found
[Sun May 10 18:06:34 2015] [debug] Rendering cached inline template "fd403ab55a4c875e35b42428816134c7"
[Sun May 10 18:06:34 2015] [debug] Rendering cached inline template "dd85456cf9f44e1e43bebae130a7f9df"
[Sun May 10 18:06:34 2015] [debug] 404 Not Found (0.012957s, 77.178/s)
[Sun May 10 18:06:43 2015] [info] Listening at "http://*:3000"
[Sun May 10 18:06:46 2015] [debug] Your secret passphrase needs to be changed
[Sun May 10 18:06:46 2015] [debug] GET "/api/documents"
[Sun May 10 18:06:46 2015] [error] syntax error at lib/Notes/Controller/Document.pm line 15, near "if $document"
syntax error at lib/Notes/Controller/Document.pm line 17, near "} else"
Global symbol "$self" requires explicit package name at lib/Notes/Controller/Document.pm line 18.
Compilation failed in require at (eval 532) line 1.

[Sun May 10 18:06:46 2015] [debug] Template "exception.development.html.ep" not found
[Sun May 10 18:06:46 2015] [debug] Template "exception.html.ep" not found
[Sun May 10 18:06:46 2015] [debug] Rendering inline template "fd403ab55a4c875e35b42428816134c7"
[Sun May 10 18:06:46 2015] [debug] Rendering inline template "dd85456cf9f44e1e43bebae130a7f9df"
[Sun May 10 18:06:46 2015] [debug] 500 Internal Server Error (0.018496s, 54.066/s)
[Sun May 10 18:08:26 2015] [info] Listening at "http://*:3000"
[Sun May 10 18:08:31 2015] [debug] Your secret passphrase needs to be changed
[Sun May 10 18:08:31 2015] [debug] GET "/api/documents"
[Sun May 10 18:08:31 2015] [debug] Routing to controller "Notes::Controller::Document" and action "index"
[Sun May 10 18:08:31 2015] [debug] Template "document/index.html.ep" not found
[Sun May 10 18:08:31 2015] [debug] Template "not_found.development.html.ep" not found
[Sun May 10 18:08:31 2015] [debug] Template "not_found.html.ep" not found
[Sun May 10 18:08:31 2015] [debug] Rendering inline template "fd403ab55a4c875e35b42428816134c7"
[Sun May 10 18:08:31 2015] [debug] Rendering inline template "dd85456cf9f44e1e43bebae130a7f9df"
[Sun May 10 18:08:31 2015] [debug] 404 Not Found (0.018931s, 52.823/s)
[Sun May 10 18:08:35 2015] [debug] GET "/api/documents"
[Sun May 10 18:08:35 2015] [debug] Routing to controller "Notes::Controller::Document" and action "index"
[Sun May 10 18:08:35 2015] [debug] Template "document/index.html.ep" not found
[Sun May 10 18:08:35 2015] [debug] Template "not_found.development.html.ep" not found
[Sun May 10 18:08:35 2015] [debug] Template "not_found.html.ep" not found
[Sun May 10 18:08:35 2015] [debug] Rendering cached inline template "fd403ab55a4c875e35b42428816134c7"
[Sun May 10 18:08:35 2015] [debug] Rendering cached inline template "dd85456cf9f44e1e43bebae130a7f9df"
[Sun May 10 18:08:35 2015] [debug] 404 Not Found (0.005675s, 176.211/s)
[Sun May 10 18:09:07 2015] [info] Listening at "http://*:3000"
[Sun May 10 18:09:24 2015] [debug] Your secret passphrase needs to be changed
[Sun May 10 18:09:24 2015] [debug] GET "/api/documents"
[Sun May 10 18:09:24 2015] [debug] Routing to controller "Notes::Controller::Document" and action "index"
[Sun May 10 18:09:24 2015] [debug] Template "document/index.html.ep" not found
[Sun May 10 18:09:24 2015] [debug] Template "not_found.development.html.ep" not found
[Sun May 10 18:09:24 2015] [debug] Template "not_found.html.ep" not found
[Sun May 10 18:09:24 2015] [debug] Rendering inline template "fd403ab55a4c875e35b42428816134c7"
[Sun May 10 18:09:24 2015] [debug] Rendering inline template "dd85456cf9f44e1e43bebae130a7f9df"
[Sun May 10 18:09:24 2015] [debug] 404 Not Found (0.015325s, 65.253/s)
[Sun May 10 19:51:00 2015] [debug] GET "/api/documents"
[Sun May 10 19:51:00 2015] [debug] Routing to controller "Notes::Controller::Document" and action "index"
[Sun May 10 19:51:00 2015] [debug] Template "document/index.html.ep" not found
[Sun May 10 19:51:00 2015] [debug] Template "not_found.development.html.ep" not found
[Sun May 10 19:51:00 2015] [debug] Template "not_found.html.ep" not found
[Sun May 10 19:51:00 2015] [debug] Rendering cached inline template "fd403ab55a4c875e35b42428816134c7"
[Sun May 10 19:51:00 2015] [debug] Rendering cached inline template "dd85456cf9f44e1e43bebae130a7f9df"
[Sun May 10 19:51:00 2015] [debug] 404 Not Found (0.007880s, 126.904/s)
[Sun May 10 19:51:32 2015] [debug] GET "/api/directories"
[Sun May 10 19:51:32 2015] [debug] Routing to controller "Notes::Controller::Directory" and action "index"
[Sun May 10 19:51:32 2015] [debug] 200 OK (0.001663s, 601.323/s)
[Sun May 10 19:53:05 2015] [info] Listening at "http://*:3000"
[Sun May 10 19:53:07 2015] [debug] Your secret passphrase needs to be changed
[Sun May 10 19:53:07 2015] [debug] GET "/api/documents"
[Sun May 10 19:53:07 2015] [debug] Routing to controller "Notes::Controller::Document" and action "index"
[Sun May 10 19:53:07 2015] [debug] 200 OK (0.001794s, 557.414/s)
[Sun May 10 19:54:55 2015] [debug] GET "/api/documents"
[Sun May 10 19:54:55 2015] [debug] Routing to controller "Notes::Controller::Document" and action "index"
[Sun May 10 19:54:55 2015] [debug] 200 OK (0.000397s, 2518.892/s)
[Sun May 10 19:58:12 2015] [debug] GET "/"
[Sun May 10 19:58:12 2015] [debug] Routing to controller "Notes::Controller::Dashboard" and action "index"
[Sun May 10 19:58:12 2015] [debug] Rendering template "dashboard/index.html.ep"
[Sun May 10 19:58:12 2015] [debug] Rendering template "layouts/default.html.ep"
[Sun May 10 19:58:12 2015] [debug] 200 OK (0.009421s, 106.146/s)
[Sun May 10 19:58:12 2015] [debug] GET "/api/documents"
[Sun May 10 19:58:12 2015] [debug] Routing to controller "Notes::Controller::Document" and action "index"
[Sun May 10 19:58:12 2015] [debug] 200 OK (0.000429s, 2331.002/s)
[Sun May 10 20:00:21 2015] [debug] GET "/"
[Sun May 10 20:00:21 2015] [debug] Routing to controller "Notes::Controller::Dashboard" and action "index"
[Sun May 10 20:00:21 2015] [debug] Rendering cached template "dashboard/index.html.ep"
[Sun May 10 20:00:21 2015] [debug] Rendering cached template "layouts/default.html.ep"
[Sun May 10 20:00:21 2015] [debug] 200 OK (0.001340s, 746.269/s)
[Sun May 10 20:00:22 2015] [debug] GET "/api/documents"
[Sun May 10 20:00:22 2015] [debug] Routing to controller "Notes::Controller::Document" and action "index"
[Sun May 10 20:00:22 2015] [debug] 200 OK (0.000510s, 1960.784/s)
[Sun May 10 20:02:12 2015] [debug] GET "/"
[Sun May 10 20:02:12 2015] [debug] Routing to controller "Notes::Controller::Dashboard" and action "index"
[Sun May 10 20:02:12 2015] [debug] Rendering cached template "dashboard/index.html.ep"
[Sun May 10 20:02:12 2015] [debug] Rendering cached template "layouts/default.html.ep"
[Sun May 10 20:02:12 2015] [debug] 200 OK (0.000904s, 1106.195/s)
[Sun May 10 20:02:12 2015] [debug] GET "/api/documents"
[Sun May 10 20:02:12 2015] [debug] Routing to controller "Notes::Controller::Document" and action "index"
[Sun May 10 20:02:12 2015] [debug] 200 OK (0.000342s, 2923.977/s)
[Sun May 10 20:02:30 2015] [debug] GET "/"
[Sun May 10 20:02:30 2015] [debug] Routing to controller "Notes::Controller::Dashboard" and action "index"
[Sun May 10 20:02:30 2015] [debug] Rendering cached template "dashboard/index.html.ep"
[Sun May 10 20:02:30 2015] [debug] Rendering cached template "layouts/default.html.ep"
[Sun May 10 20:02:30 2015] [debug] 200 OK (0.000975s, 1025.641/s)
[Sun May 10 20:02:31 2015] [debug] GET "/api/documents"
[Sun May 10 20:02:31 2015] [debug] Routing to controller "Notes::Controller::Document" and action "index"
[Sun May 10 20:02:31 2015] [debug] 200 OK (0.000384s, 2604.167/s)
[Sun May 10 20:03:15 2015] [debug] GET "/"
[Sun May 10 20:03:15 2015] [debug] Routing to controller "Notes::Controller::Dashboard" and action "index"
[Sun May 10 20:03:15 2015] [debug] Rendering cached template "dashboard/index.html.ep"
[Sun May 10 20:03:15 2015] [debug] Rendering cached template "layouts/default.html.ep"
[Sun May 10 20:03:15 2015] [debug] 200 OK (0.001705s, 586.510/s)
[Sun May 10 20:03:16 2015] [debug] GET "/api/documents"
[Sun May 10 20:03:16 2015] [debug] Routing to controller "Notes::Controller::Document" and action "index"
[Sun May 10 20:03:16 2015] [debug] 200 OK (0.000352s, 2840.909/s)
[Sun May 10 20:04:40 2015] [debug] GET "/"
[Sun May 10 20:04:40 2015] [debug] Routing to controller "Notes::Controller::Dashboard" and action "index"
[Sun May 10 20:04:40 2015] [debug] Rendering cached template "dashboard/index.html.ep"
[Sun May 10 20:04:40 2015] [debug] Rendering cached template "layouts/default.html.ep"
[Sun May 10 20:04:40 2015] [debug] 200 OK (0.000708s, 1412.429/s)
[Sun May 10 20:04:40 2015] [debug] GET "/api/documents"
[Sun May 10 20:04:40 2015] [debug] Routing to controller "Notes::Controller::Document" and action "index"
[Sun May 10 20:04:40 2015] [debug] 200 OK (0.000336s, 2976.190/s)
[Sun May 10 21:24:40 2015] [debug] GET "/"
[Sun May 10 21:24:40 2015] [debug] Routing to controller "Notes::Controller::Dashboard" and action "index"
[Sun May 10 21:24:40 2015] [debug] Rendering cached template "dashboard/index.html.ep"
[Sun May 10 21:24:40 2015] [debug] Rendering cached template "layouts/default.html.ep"
[Sun May 10 21:24:40 2015] [debug] 200 OK (0.000625s, 1600.000/s)
[Sun May 10 21:24:41 2015] [debug] GET "/api/documents"
[Sun May 10 21:24:41 2015] [debug] Routing to controller "Notes::Controller::Document" and action "index"
[Sun May 10 21:24:41 2015] [debug] 200 OK (0.000475s, 2105.263/s)
[Sun May 10 21:30:56 2015] [debug] GET "/"
[Sun May 10 21:30:56 2015] [debug] Routing to controller "Notes::Controller::Dashboard" and action "index"
[Sun May 10 21:30:56 2015] [debug] Rendering cached template "dashboard/index.html.ep"
[Sun May 10 21:30:56 2015] [debug] Rendering cached template "layouts/default.html.ep"
[Sun May 10 21:30:56 2015] [debug] 200 OK (0.000931s, 1074.114/s)
[Sun May 10 21:30:57 2015] [debug] GET "/api/documents"
[Sun May 10 21:30:57 2015] [debug] Routing to controller "Notes::Controller::Document" and action "index"
[Sun May 10 21:30:57 2015] [debug] 200 OK (0.000467s, 2141.328/s)
[Mon May 11 07:33:46 2015] [debug] GET "/"
[Mon May 11 07:33:46 2015] [debug] Routing to controller "Notes::Controller::Dashboard" and action "index"
[Mon May 11 07:33:46 2015] [debug] Rendering cached template "dashboard/index.html.ep"
[Mon May 11 07:33:46 2015] [debug] Rendering cached template "layouts/default.html.ep"
[Mon May 11 07:33:46 2015] [debug] 200 OK (0.000605s, 1652.893/s)
[Mon May 11 07:33:47 2015] [debug] GET "/api/documents"
[Mon May 11 07:33:47 2015] [debug] Routing to controller "Notes::Controller::Document" and action "index"
[Mon May 11 07:33:47 2015] [debug] 200 OK (0.000347s, 2881.844/s)
[Mon May 11 07:36:27 2015] [debug] GET "/"
[Mon May 11 07:36:27 2015] [debug] Routing to controller "Notes::Controller::Dashboard" and action "index"
[Mon May 11 07:36:27 2015] [debug] Rendering cached template "dashboard/index.html.ep"
[Mon May 11 07:36:27 2015] [debug] Rendering cached template "layouts/default.html.ep"
[Mon May 11 07:36:27 2015] [debug] 200 OK (0.000626s, 1597.444/s)
[Mon May 11 07:36:28 2015] [debug] GET "/api/documents"
[Mon May 11 07:36:28 2015] [debug] Routing to controller "Notes::Controller::Document" and action "index"
[Mon May 11 07:36:28 2015] [debug] 200 OK (0.000351s, 2849.003/s)
[Mon May 11 07:40:50 2015] [info] Listening at "http://*:3000"
[Mon May 11 07:40:59 2015] [debug] Your secret passphrase needs to be changed
[Mon May 11 07:40:59 2015] [debug] GET "/"
[Mon May 11 07:40:59 2015] [debug] Routing to controller "Notes::Controller::Dashboard" and action "index"
[Mon May 11 07:40:59 2015] [debug] Rendering template "dashboard/index.html.ep"
[Mon May 11 07:40:59 2015] [debug] Rendering template "layouts/default.html.ep"
[Mon May 11 07:40:59 2015] [debug] 200 OK (0.007080s, 141.243/s)
[Mon May 11 07:41:00 2015] [debug] GET "/api/documents"
[Mon May 11 07:41:00 2015] [debug] Routing to controller "Notes::Controller::Document" and action "index"
[Mon May 11 07:41:00 2015] [debug] 200 OK (0.000932s, 1072.961/s)
